<!DOCTYPE frameset SYSTEM "frameset.dtd">
<frameset>
	<predicate lemma="test">
		<roleset framnet="Operational_testing  Examination" id="test.01" name="check (for), examine" source="" vncls="35.4">
			<roles>
				<role descr="examiner" f="pag" n="0">
					<vnrole vncls="35.4" vntheta="agent"/>
				</role>
				<role descr="examined" f="loc" n="1">
					<vnrole vncls="35.4" vntheta="location"/>
				</role>
				<role descr="in search of, for what" f="ppt" n="2">
					<vnrole vncls="35.4" vntheta="theme"/>
				</role>
				
			
<note/>
<role descr="test result" f="prd" n="3"/>
</roles>
			<example name="just transitive" src="" type="">
				<inflection aspect="ns" form="full" person="third" tense="present" voice="active"/>
				<text>A Toto spokesman said the toilet not only tests blood pressure,    pulse and urine, it also stores the data for up to 130 days.</text>
				<arg f="" n="0">the toilet</arg>
				<rel f="">tests</rel>
				<arg f="" n="1">blood pressure, pulse and urine</arg>
				
			
<note>I would love to see the rest of the context here.</note>
</example>
			<example name="all args" src="" type="">
				<inflection aspect="ns" form="full" person="ns" tense="past" voice="active"/>
				<text>John tested Mary for violent tendencies.</text>
				<arg f="" n="0">John</arg>
				<rel f="">tested</rel>
				<arg f="" n="1">Mary</arg>
				<arg f="" n="2">for violent tendencies</arg>
				
			
<note/>
</example>
			
		
<note>Frames file for 'test' based on sentences in financial subcorpus. VerbNet class investigate-35.4.</note>
<example name="with arg3" src="BOLT-7" type="">
<inflection aspect="ns" form="ns" person="ns" tense="ns" voice="ns"/>
<text>but now it seems that the gold medal is more important ; the gold medal becomes the totem for showing a national image and reputation and the token of sports officials ' achievements -- thus , there certainly could not be an accident in the food supply , especially an accident caused by athletes eating pork outside , which may make athletes test positive for clenbuterol .</text>
<note/>
<arg f="" n="1">athletes</arg>
<rel f="">test</rel>
<arg f="" n="3">positive for clenbuterol</arg>
</example>
</roleset>
		
	
<note/>
</predicate>
	

<note/>
</frameset>
